<html>
<head>
<title>TestNG:  Test</title>
<link href="../testng.css" rel="stylesheet" type="text/css" />
<link href="../my-testng.css" rel="stylesheet" type="text/css" />

<style type="text/css">
.log { display: none;} 
.stack-trace { display: none;} 
</style>
<script type="text/javascript">
<!--
function flip(e) {
  current = e.style.display;
  if (current == 'block') {
    e.style.display = 'none';
    return 0;
  }
  else {
    e.style.display = 'block';
    return 1;
  }
}

function toggleBox(szDivId, elem, msg1, msg2)
{
  var res = -1;  if (document.getElementById) {
    res = flip(document.getElementById(szDivId));
  }
  else if (document.all) {
    // this is the way old msie versions work
    res = flip(document.all[szDivId]);
  }
  if(elem) {
    if(res == 0) elem.innerHTML = msg1; else elem.innerHTML = msg2;
  }

}

function toggleAllBoxes() {
  if (document.getElementsByTagName) {
    d = document.getElementsByTagName('div');
    for (i = 0; i < d.length; i++) {
      if (d[i].className == 'log') {
        flip(d[i]);
      }
    }
  }
}

// -->
</script>

</head>
<body>
<h2 align='center'>Test</h2><table border='1' align="center">
<tr>
<td>Tests passed/Failed/Skipped:</td><td>21/1/0</td>
</tr><tr>
<td>Started on:</td><td>Tue Apr 16 13:44:30 IST 2024</td>
</tr>
<tr><td>Total time:</td><td>76 seconds (76258 ms)</td>
</tr><tr>
<td>Included groups:</td><td></td>
</tr><tr>
<td>Excluded groups:</td><td></td>
</tr>
</table><p/>
<small><i>(Hover the method name to see the test class name)</i></small><p/>
<table width='100%' border='1' class='invocation-failed'>
<tr><td colspan='4' align='center'><b>FAILED TESTS</b></td></tr>
<tr><td><b>Test method</b></td>
<td><b>Attribute(s)</b></td>
<td width="30%"><b>Exception</b></td>
<td width="10%"><b>Time (seconds)</b></td>
<td><b>Instance</b></td>
</tr>
<tr>
<td title='testCases.SingleMethodTest.accessForgotPasswordScreen()'><b>accessForgotPasswordScreen</b><br>Test class: testCases.SingleMethodTest</td>
<td><div><pre>java.lang.AssertionError: expected [true] but found [false]
	at testCases.SingleMethodTest.accessForgotPasswordScreen(SingleMethodTest.java:23)
	at java.base/java.util.concurrent.ThreadPoolExecutor.runWorker(ThreadPoolExecutor.java:1144)
	at java.base/java.util.concurrent.ThreadPoolExecutor$Worker.run(ThreadPoolExecutor.java:642)
	at java.base/java.lang.Thread.run(Thread.java:1583)
... Removed 14 stack frames</pre></div><a href='#' onClick='toggleBox("stack-trace759205602", this, "Click to show all stack frames", "Click to hide stack frames")'>Click to show all stack frames</a>
<div class='stack-trace' id='stack-trace759205602'><pre>java.lang.AssertionError: expected [true] but found [false]
	at org.testng.Assert.fail(Assert.java:111)
	at org.testng.Assert.failNotEquals(Assert.java:1578)
	at org.testng.Assert.assertTrue(Assert.java:57)
	at org.testng.Assert.assertTrue(Assert.java:67)
	at testCases.SingleMethodTest.accessForgotPasswordScreen(SingleMethodTest.java:23)
	at java.base/jdk.internal.reflect.DirectMethodHandleAccessor.invoke(DirectMethodHandleAccessor.java:103)
	at java.base/java.lang.reflect.Method.invoke(Method.java:580)
	at org.testng.internal.invokers.MethodInvocationHelper.invokeMethod(MethodInvocationHelper.java:139)
	at org.testng.internal.invokers.TestInvoker.invokeMethod(TestInvoker.java:664)
	at org.testng.internal.invokers.TestInvoker.invokeTestMethod(TestInvoker.java:227)
	at org.testng.internal.invokers.MethodRunner.runInSequence(MethodRunner.java:50)
	at org.testng.internal.invokers.TestInvoker$MethodInvocationAgent.invoke(TestInvoker.java:957)
	at org.testng.internal.invokers.TestInvoker.invokeTestMethods(TestInvoker.java:200)
	at org.testng.internal.invokers.TestMethodWorker.invokeTestMethods(TestMethodWorker.java:148)
	at org.testng.internal.invokers.TestMethodWorker.run(TestMethodWorker.java:128)
	at java.base/java.util.concurrent.ThreadPoolExecutor.runWorker(ThreadPoolExecutor.java:1144)
	at java.base/java.util.concurrent.ThreadPoolExecutor$Worker.run(ThreadPoolExecutor.java:642)
	at java.base/java.lang.Thread.run(Thread.java:1583)
</pre></div></td>
<td>2</td>
<td>testCases.SingleMethodTest@36804139</td></tr>
</table><p>
<table width='100%' border='1' class='invocation-passed'>
<tr><td colspan='4' align='center'><b>PASSED TESTS</b></td></tr>
<tr><td><b>Test method</b></td>
<td><b>Attribute(s)</b></td>
<td width="30%"><b>Exception</b></td>
<td width="10%"><b>Time (seconds)</b></td>
<td><b>Instance</b></td>
</tr>
<tr>
<td title='testCases.FourTest.methodFourTest2()'><b>methodFourTest2</b><br>Test class: testCases.FourTest</td>
<td></td>
<td>0</td>
<td>testCases.FourTest@222a59e6</td></tr>
<tr>
<td title='testCases.OneTest.methodOneTest2()'><b>methodOneTest2</b><br>Test class: testCases.OneTest</td>
<td></td>
<td>0</td>
<td>testCases.OneTest@17d919b6</td></tr>
<tr>
<td title='testCases.LoginTest.loginwithValidandInvalidCredentials()'><b>loginwithValidandInvalidCredentials</b><br>Test class: testCases.LoginTest<br>Parameters: Admin, Admin123, Fail</td>
<td></td>
<td>6</td>
<td>testCases.LoginTest@7d61eb55</td></tr>
<tr>
<td title='testCases.LoginTest.accessForgotPasswordScreen()'><b>accessForgotPasswordScreen</b><br>Test class: testCases.LoginTest</td>
<td></td>
<td>2</td>
<td>testCases.LoginTest@7d61eb55</td></tr>
<tr>
<td title='testCases.OneTest.methodOneTest3()'><b>methodOneTest3</b><br>Test class: testCases.OneTest</td>
<td></td>
<td>0</td>
<td>testCases.OneTest@17d919b6</td></tr>
<tr>
<td title='testCases.LoginTest.loginwithValidandInvalidCredentials()'><b>loginwithValidandInvalidCredentials</b><br>Test class: testCases.LoginTest<br>Parameters: Admin, admin123, Success</td>
<td></td>
<td>2</td>
<td>testCases.LoginTest@7d61eb55</td></tr>
<tr>
<td title='testCases.LoginTest.validateIncorrectUserName()'><b>validateIncorrectUserName</b><br>Test class: testCases.LoginTest<br>Parameters: Rakesh, 1234</td>
<td></td>
<td>1</td>
<td>testCases.LoginTest@7d61eb55</td></tr>
<tr>
<td title='testCases.TwoTest.methodTwoTest2()'><b>methodTwoTest2</b><br>Test class: testCases.TwoTest</td>
<td></td>
<td>0</td>
<td>testCases.TwoTest@34129c78</td></tr>
<tr>
<td title='testCases.SingleMethodTwoTest.loginwithValidandInvalidCredentials()'><b>loginwithValidandInvalidCredentials</b><br>Test class: testCases.SingleMethodTwoTest<br>Parameters: Admin, admin123, Success</td>
<td></td>
<td>4</td>
<td>testCases.SingleMethodTwoTest@53f3bdbd</td></tr>
<tr>
<td title='testCases.FourTest.methodFourTest1()'><b>methodFourTest1</b><br>Test class: testCases.FourTest</td>
<td></td>
<td>0</td>
<td>testCases.FourTest@222a59e6</td></tr>
<tr>
<td title='testCases.SingleMethodTwoTest.loginwithValidandInvalidCredentials()'><b>loginwithValidandInvalidCredentials</b><br>Test class: testCases.SingleMethodTwoTest<br>Parameters: Admin, admin1234, Fail</td>
<td></td>
<td>9</td>
<td>testCases.SingleMethodTwoTest@53f3bdbd</td></tr>
<tr>
<td title='testCases.ThreeTest.methodThreeTest3()'><b>methodThreeTest3</b><br>Test class: testCases.ThreeTest</td>
<td></td>
<td>0</td>
<td>testCases.ThreeTest@62656be4</td></tr>
<tr>
<td title='testCases.OneTest.methodOneTest1()'><b>methodOneTest1</b><br>Test class: testCases.OneTest</td>
<td></td>
<td>0</td>
<td>testCases.OneTest@17d919b6</td></tr>
<tr>
<td title='testCases.ThreeTest.methodThreeTest2()'><b>methodThreeTest2</b><br>Test class: testCases.ThreeTest</td>
<td></td>
<td>0</td>
<td>testCases.ThreeTest@62656be4</td></tr>
<tr>
<td title='testCases.LoginTest.loginwithValidandInvalidCredentials()'><b>loginwithValidandInvalidCredentials</b><br>Test class: testCases.LoginTest<br>Parameters: Admin, admin1234, Fail</td>
<td></td>
<td>6</td>
<td>testCases.LoginTest@7d61eb55</td></tr>
<tr>
<td title='testCases.TwoTest.methodTwoTest3()'><b>methodTwoTest3</b><br>Test class: testCases.TwoTest</td>
<td></td>
<td>0</td>
<td>testCases.TwoTest@34129c78</td></tr>
<tr>
<td title='testCases.FourTest.methodFourTest3()'><b>methodFourTest3</b><br>Test class: testCases.FourTest</td>
<td></td>
<td>0</td>
<td>testCases.FourTest@222a59e6</td></tr>
<tr>
<td title='testCases.SingleMethodTwoTest.loginwithValidandInvalidCredentials()'><b>loginwithValidandInvalidCredentials</b><br>Test class: testCases.SingleMethodTwoTest<br>Parameters: Admin, Admin123, Fail</td>
<td></td>
<td>10</td>
<td>testCases.SingleMethodTwoTest@53f3bdbd</td></tr>
<tr>
<td title='testCases.ThreeTest.methodThreeTest1()'><b>methodThreeTest1</b><br>Test class: testCases.ThreeTest</td>
<td></td>
<td>0</td>
<td>testCases.ThreeTest@62656be4</td></tr>
<tr>
<td title='testCases.LoginTest.validateIncorrectUserName()'><b>validateIncorrectUserName</b><br>Test class: testCases.LoginTest<br>Parameters: suresh, 1234</td>
<td></td>
<td>1</td>
<td>testCases.LoginTest@7d61eb55</td></tr>
<tr>
<td title='testCases.TwoTest.methodTwoTest1()'><b>methodTwoTest1</b><br>Test class: testCases.TwoTest</td>
<td></td>
<td>0</td>
<td>testCases.TwoTest@34129c78</td></tr>
</table><p>
</body>
</html>